<?xml version="1.0" encoding="UTF-8"?>
<!-- Generated by org.testng.reporters.JUnitReportReporter -->
<testsuite hostname="DESKTOP-VPG8QQH" failures="0" tests="1" name="com.adactin.tests.LoginTest" time="3.001" errors="0" timestamp="2024-12-20T10:59:48 GMT" skipped="0">
  <testcase classname="com.adactin.tests.LoginTest" name="LoginTest" time="3.001"/>
  <system-out/>
</testsuite> <!-- com.adactin.tests.LoginTest -->
