<?xml version="1.0" encoding="UTF-8"?>
<!-- Generated by org.testng.reporters.JUnitReportReporter -->
<testsuite hostname="DESKTOP-VPG8QQH" failures="0" tests="1" name="com.adactin.tests.LoginTest" time="20.827" errors="0" timestamp="2024-12-20T15:03:23 GMT" skipped="0">
  <testcase classname="com.adactin.tests.LoginTest" name="LoginTest" time="20.827"/>
  <system-out/>
</testsuite> <!-- com.adactin.tests.LoginTest -->
